0 info it worked if it ends with ok
1 verbose cli [ '/usr/bin/nodejs',
1 verbose cli   '/usr/bin/npm',
1 verbose cli   'install',
1 verbose cli   '-g',
1 verbose cli   'ionic',
1 verbose cli   'cordova' ]
2 info using npm@1.3.10
3 info using node@v0.10.25
4 verbose cache add [ 'ionic', null ]
5 verbose cache add name=undefined spec="ionic" args=["ionic",null]
6 verbose parsed url { protocol: null,
6 verbose parsed url   slashes: null,
6 verbose parsed url   auth: null,
6 verbose parsed url   host: null,
6 verbose parsed url   port: null,
6 verbose parsed url   hostname: null,
6 verbose parsed url   hash: null,
6 verbose parsed url   search: null,
6 verbose parsed url   query: null,
6 verbose parsed url   pathname: 'ionic',
6 verbose parsed url   path: 'ionic',
6 verbose parsed url   href: 'ionic' }
7 verbose cache add [ 'cordova', null ]
8 verbose cache add name=undefined spec="cordova" args=["cordova",null]
9 verbose parsed url { protocol: null,
9 verbose parsed url   slashes: null,
9 verbose parsed url   auth: null,
9 verbose parsed url   host: null,
9 verbose parsed url   port: null,
9 verbose parsed url   hostname: null,
9 verbose parsed url   hash: null,
9 verbose parsed url   search: null,
9 verbose parsed url   query: null,
9 verbose parsed url   pathname: 'cordova',
9 verbose parsed url   path: 'cordova',
9 verbose parsed url   href: 'cordova' }
10 silly lockFile 00d10074-ionic ionic
11 verbose lock ionic /home/gabriel/.npm/00d10074-ionic.lock
12 silly lockFile a98f2055-cordova cordova
13 verbose lock cordova /home/gabriel/.npm/a98f2055-cordova.lock
14 silly lockFile 00d10074-ionic ionic
15 silly lockFile 00d10074-ionic ionic
16 silly lockFile a98f2055-cordova cordova
17 silly lockFile a98f2055-cordova cordova
18 verbose addNamed [ 'ionic', '' ]
19 verbose addNamed [ null, '*' ]
20 silly lockFile 966fc04a-ionic ionic@
21 verbose lock ionic@ /home/gabriel/.npm/966fc04a-ionic.lock
22 verbose addNamed [ 'cordova', '' ]
23 verbose addNamed [ null, '*' ]
24 silly lockFile de8d9fad-cordova cordova@
25 verbose lock cordova@ /home/gabriel/.npm/de8d9fad-cordova.lock
26 silly addNameRange { name: 'ionic', range: '*', hasData: false }
27 silly addNameRange { name: 'cordova', range: '*', hasData: false }
28 verbose url raw cordova
29 verbose url resolving [ 'https://registry.npmjs.org/', './cordova' ]
30 verbose url resolved https://registry.npmjs.org/cordova
31 info trying registry request attempt 1 at 19:48:09
32 verbose etag "9CQRLULWRBQG8DCL5FHUMN22V"
33 http GET https://registry.npmjs.org/cordova
34 verbose url raw ionic
35 verbose url resolving [ 'https://registry.npmjs.org/', './ionic' ]
36 verbose url resolved https://registry.npmjs.org/ionic
37 info trying registry request attempt 1 at 19:48:09
38 verbose etag "B3KI53MOJ2OGQ3XZPTDE0Z1A5"
39 http GET https://registry.npmjs.org/ionic
40 http 200 https://registry.npmjs.org/ionic
41 silly registry.get cb [ 200,
41 silly registry.get   { server: 'nginx/1.10.1',
41 silly registry.get     'content-type': 'application/json',
41 silly registry.get     'last-modified': 'Thu, 30 Mar 2017 20:14:29 GMT',
41 silly registry.get     etag: '"58dd6725-e1354"',
41 silly registry.get     'cache-control': 'max-age=300',
41 silly registry.get     'content-length': '922452',
41 silly registry.get     'accept-ranges': 'bytes',
41 silly registry.get     date: 'Fri, 07 Apr 2017 22:48:10 GMT',
41 silly registry.get     via: '1.1 varnish',
41 silly registry.get     age: '1',
41 silly registry.get     connection: 'keep-alive',
41 silly registry.get     'x-served-by': 'cache-gru7126-GRU',
41 silly registry.get     'x-cache': 'MISS',
41 silly registry.get     'x-cache-hits': '0',
41 silly registry.get     'x-timer': 'S1491605289.476055,VS0,VE1321',
41 silly registry.get     vary: 'Accept-Encoding' } ]
42 silly addNameRange number 2 { name: 'ionic', range: '*', hasData: true }
43 silly addNameRange versions [ 'ionic',
43 silly addNameRange   [ '0.9.6',
43 silly addNameRange     '0.9.8',
43 silly addNameRange     '0.9.9',
43 silly addNameRange     '0.9.10',
43 silly addNameRange     '0.9.11',
43 silly addNameRange     '0.9.12',
43 silly addNameRange     '0.9.13',
43 silly addNameRange     '0.9.14',
43 silly addNameRange     '0.9.15',
43 silly addNameRange     '0.9.16',
43 silly addNameRange     '1.0.0-beta.1',
43 silly addNameRange     '1.0.0-beta',
43 silly addNameRange     '1.0.1-beta',
43 silly addNameRange     '1.0.3-beta',
43 silly addNameRange     '1.0.4',
43 silly addNameRange     '1.0.5',
43 silly addNameRange     '1.0.6',
43 silly addNameRange     '1.0.7',
43 silly addNameRange     '1.0.8',
43 silly addNameRange     '1.0.9',
43 silly addNameRange     '1.0.10',
43 silly addNameRange     '1.0.11',
43 silly addNameRange     '1.0.12',
43 silly addNameRange     '1.0.13',
43 silly addNameRange     '1.0.14',
43 silly addNameRange     '1.0.15',
43 silly addNameRange     '1.0.16',
43 silly addNameRange     '1.0.17',
43 silly addNameRange     '1.1.0-beta1',
43 silly addNameRange     '1.1.0-beta2',
43 silly addNameRange     '1.1.0-beta3',
43 silly addNameRange     '1.1.0-beta4',
43 silly addNameRange     '1.1.0-beta5',
43 silly addNameRange     '1.1.0-beta6',
43 silly addNameRange     '1.1.0',
43 silly addNameRange     '1.1.1-beta1',
43 silly addNameRange     '1.1.1-beta2',
43 silly addNameRange     '1.1.1-beta3',
43 silly addNameRange     '1.1.1',
43 silly addNameRange     '1.1.3',
43 silly addNameRange     '1.1.4',
43 silly addNameRange     '1.1.5-beta1',
43 silly addNameRange     '1.1.5-beta2',
43 silly addNameRange     '1.1.5-beta3',
43 silly addNameRange     '1.1.5-beta4',
43 silly addNameRange     '1.1.5-beta5',
43 silly addNameRange     '1.1.5',
43 silly addNameRange     '1.1.6',
43 silly addNameRange     '1.1.7-beta1',
43 silly addNameRange     '1.1.7',
43 silly addNameRange     '1.1.8-beta1',
43 silly addNameRange     '1.1.8-beta2',
43 silly addNameRange     '1.1.8-beta3',
43 silly addNameRange     '1.1.8-beta4',
43 silly addNameRange     '1.1.8-beta5',
43 silly addNameRange     '1.1.8',
43 silly addNameRange     '1.1.9-beta1',
43 silly addNameRange     '1.1.9',
43 silly addNameRange     '1.1.10',
43 silly addNameRange     '1.1.11-beta1',
43 silly addNameRange     '1.1.11-beta2',
43 silly addNameRange     '1.1.11',
43 silly addNameRange     '1.1.12-beta1',
43 silly addNameRange     '1.1.12-beta2',
43 silly addNameRange     '1.1.12-beta3',
43 silly addNameRange     '1.1.12',
43 silly addNameRange     '1.1.13',
43 silly addNameRange     '1.1.14-beta1',
43 silly addNameRange     '1.1.14-beta2',
43 silly addNameRange     '1.1.14-beta3',
43 silly addNameRange     '1.2.0-beta1',
43 silly addNameRange     '1.2.0',
43 silly addNameRange     '1.2.1-beta1',
43 silly addNameRange     '1.2.1-beta2',
43 silly addNameRange     '1.2.1-beta3',
43 silly addNameRange     '1.2.1-beta4',
43 silly addNameRange     '1.2.1',
43 silly addNameRange     '1.2.2',
43 silly addNameRange     '1.2.3-beta1',
43 silly addNameRange     '1.2.3-beta2',
43 silly addNameRange     '1.2.3-beta3',
43 silly addNameRange     '1.2.3',
43 silly addNameRange     '1.2.4-beta1',
43 silly addNameRange     '1.2.4-beta2',
43 silly addNameRange     '1.2.4-beta3',
43 silly addNameRange     '1.2.4',
43 silly addNameRange     '1.2.5-beta1',
43 silly addNameRange     '1.2.5-beta2',
43 silly addNameRange     '1.2.5-beta3',
43 silly addNameRange     '1.2.5',
43 silly addNameRange     '1.2.6-beta1',
43 silly addNameRange     '1.2.6-beta2',
43 silly addNameRange     '1.2.6-beta3',
43 silly addNameRange     '1.2.6',
43 silly addNameRange     '1.2.7',
43 silly addNameRange     '1.2.8-beta1',
43 silly addNameRange     '1.2.8-beta2',
43 silly addNameRange     '1.2.8',
43 silly addNameRange     '1.2.9',
43 silly addNameRange     '1.2.10',
43 silly addNameRange     '1.2.11',
43 silly addNameRange     '1.2.12',
43 silly addNameRange     '1.2.13',
43 silly addNameRange     '1.2.14-beta1',
43 silly addNameRange     '1.2.14-beta2',
43 silly addNameRange     '1.2.14-beta3',
43 silly addNameRange     '1.2.14-beta4',
43 silly addNameRange     '1.2.14-beta5',
43 silly addNameRange     '1.2.14-beta6',
43 silly addNameRange     '1.2.14',
43 silly addNameRange     '1.3.0-beta1',
43 silly addNameRange     '1.3.0',
43 silly addNameRange     '1.3.1',
43 silly addNameRange     '1.3.2',
43 silly addNameRange     '1.3.3',
43 silly addNameRange     '1.3.4',
43 silly addNameRange     '1.3.5',
43 silly addNameRange     '1.3.6',
43 silly addNameRange     '1.3.7',
43 silly addNameRange     '1.3.8',
43 silly addNameRange     '1.3.9',
43 silly addNameRange     '1.3.10',
43 silly addNameRange     '1.4.0-alpha.1',
43 silly addNameRange     '1.3.11',
43 silly addNameRange     '1.3.1-1.alpha.0',
43 silly addNameRange     '1.4.0-alpha.2',
43 silly addNameRange     '1.3.12',
43 silly addNameRange     '1.3.12-beta.1',
43 silly addNameRange     '1.3.12-beta.2',
43 silly addNameRange     '1.3.13-beta.0',
43 silly addNameRange     '1.3.1-3.beta.1',
43 silly addNameRange     '1.3.1-3.beta.2',
43 silly addNameRange     '1.3.13',
43 silly addNameRange     '1.3.1-3.beta.4',
43 silly addNameRange     '1.3.14-beta',
43 silly addNameRange     '1.3.14-beta.1',
43 silly addNameRange     '1.4.0-alpha.3',
43 silly addNameRange     '1.3.14',
43 silly addNameRange     '1.4.0-alpha.4',
43 silly addNameRange     '1.4.0-alpha.5',
43 silly addNameRange     '1.3.15-beta.0',
43 silly addNameRange     '1.3.15-beta.1',
43 silly addNameRange     '1.3.15-beta.2',
43 silly addNameRange     '1.3.15-beta.3',
43 silly addNameRange     '1.3.15-beta.4',
43 silly addNameRange     '1.3.15',
43 silly addNameRange     '1.3.16',
43 silly addNameRange     '1.4.0-alpha.6',
43 silly addNameRange     '1.3.17-beta.0',
43 silly addNameRange     '1.3.17-beta.1',
43 silly addNameRange     '1.3.17-beta.2',
43 silly addNameRange     '1.3.17-beta.3',
43 silly addNameRange     '1.3.1-7.beta.4',
43 silly addNameRange     '1.3.17',
43 silly addNameRange     '1.3.18-beta.0',
43 silly addNameRange     '1.3.18-beta.1',
43 silly addNameRange     '1.3.18-beta.2',
43 silly addNameRange     '1.3.18-beta.3',
43 silly addNameRange     '1.3.18',
43 silly addNameRange     '1.3.19-beta.0',
43 silly addNameRange     '1.3.19-beta.1',
43 silly addNameRange     '1.3.19-beta.2',
43 silly addNameRange     '1.3.19-beta.3',
43 silly addNameRange     '1.3.19-beta.4',
43 silly addNameRange     '1.3.19',
43 silly addNameRange     '1.3.20',
43 silly addNameRange     '1.4.1-beta.0',
43 silly addNameRange     '1.4.0-beta.1',
43 silly addNameRange     '1.4.0-beta.2',
43 silly addNameRange     '1.4.0-beta.3',
43 silly addNameRange     '1.4.0-beta.5',
43 silly addNameRange     '1.4.0-beta.6',
43 silly addNameRange     '1.4.0-beta.7',
43 silly addNameRange     '1.3.21-beta.0',
43 silly addNameRange     '1.3.21-beta.1',
43 silly addNameRange     '1.3.21',
43 silly addNameRange     '1.3.22',
43 silly addNameRange     '1.4.0-beta.8',
43 silly addNameRange     '1.4.0-beta.9',
43 silly addNameRange     '1.4.0-beta.10',
43 silly addNameRange     '1.4.0-beta.11',
43 silly addNameRange     '1.4.0-beta.12',
43 silly addNameRange     '1.4.0-beta.13',
43 silly addNameRange     '1.4.0-beta.14',
43 silly addNameRange     '1.4.0-beta.15',
43 silly addNameRange     '1.4.0-beta.16',
43 silly addNameRange     '1.4.0-beta.17',
43 silly addNameRange     '1.4.0-beta.18',
43 silly addNameRange     '1.4.0',
43 silly addNameRange     '1.4.1',
43 silly addNameRange     '1.4.2',
43 silly addNameRange     '1.4.3',
43 silly addNameRange     '1.4.4-beta.0',
43 silly addNameRange     '1.4.4-beta.2',
43 silly addNameRange     '1.4.4',
43 silly addNameRange     '1.4.5-beta.0',
43 silly addNameRange     '1.4.5-beta.1',
43 silly addNameRange     '1.4.5-beta.2',
43 silly addNameRange     '1.4.5-beta.3',
43 silly addNameRange     '1.4.5',
43 silly addNameRange     '1.4.6-beta.0',
43 silly addNameRange     '1.4.6',
43 silly addNameRange     '1.4.7',
43 silly addNameRange     '1.4.8',
43 silly addNameRange     '1.5.0-beta.0',
43 silly addNameRange     '1.5.0-beta.1',
43 silly addNameRange     '1.5.0',
43 silly addNameRange     '1.5.1-beta.0',
43 silly addNameRange     '1.5.1-beta.1',
43 silly addNameRange     '1.5.1-beta.2',
43 silly addNameRange     '1.5.1-beta.3',
43 silly addNameRange     '1.5.1-beta.4',
43 silly addNameRange     '1.5.1',
43 silly addNameRange     '1.5.2',
43 silly addNameRange     '1.5.3',
43 silly addNameRange     '1.5.4',
43 silly addNameRange     '1.5.5',
43 silly addNameRange     '1.6.0-beta.1',
43 silly addNameRange     '1.6.0',
43 silly addNameRange     '1.6.1',
43 silly addNameRange     '1.6.2-beta.0',
43 silly addNameRange     '1.6.2-beta.1',
43 silly addNameRange     '1.6.2-beta.2',
43 silly addNameRange     '1.6.2',
43 silly addNameRange     '1.6.3-beta.0',
43 silly addNameRange     '1.6.3-beta.1',
43 silly addNameRange     '1.6.3',
43 silly addNameRange     '1.6.4-beta.0',
43 silly addNameRange     '1.6.4-beta.1',
43 silly addNameRange     '1.6.4',
43 silly addNameRange     '1.7.0-beta.0',
43 silly addNameRange     '1.7.0-beta.1',
43 silly addNameRange     '1.7.0-beta.2',
43 silly addNameRange     '1.7.0-beta.3',
43 silly addNameRange     '2.0.0-alpha.1',
43 silly addNameRange     '2.0.0-alpha.3',
43 silly addNameRange     '1.7.0-beta.4',
43 silly addNameRange     '1.6.5-testing.0',
43 silly addNameRange     '1.6.5-testing.1',
43 silly addNameRange     '1.6.5-testing.2',
43 silly addNameRange     '1.6.5-testing.3',
43 silly addNameRange     '1.6.5',
43 silly addNameRange     '2.0.0-alpha.4',
43 silly addNameRange     '1.7.0-beta.5',
43 silly addNameRange     '1.7.0-beta.6',
43 silly addNameRange     '1.7.0',
43 silly addNameRange     '2.0.0-alpha.5',
43 silly addNameRange     '2.0.0-alpha.6',
43 silly addNameRange     '1.7.1',
43 silly addNameRange     '2.0.0-alpha.7',
43 silly addNameRange     '2.0.0-alpha.8',
43 silly addNameRange     '1.7.2',
43 silly addNameRange     '1.7.3',
43 silly addNameRange     '1.7.4',
43 silly addNameRange     '1.7.5',
43 silly addNameRange     '1.7.6',
43 silly addNameRange     '1.7.7-beta.0',
43 silly addNameRange     '2.0.0-alpha.9',
43 silly addNameRange     '1.7.7',
43 silly addNameRange     '2.0.0-alpha.10',
43 silly addNameRange     '2.0.0-alpha.11',
43 silly addNameRange     '2.0.0-alpha.12',
43 silly addNameRange     '2.0.0-alpha.13',
43 silly addNameRange     '2.0.0-alpha.14',
43 silly addNameRange     '2.0.0-alpha.15',
43 silly addNameRange     '2.0.0-alpha.16',
43 silly addNameRange     '2.0.0-alpha.17',
43 silly addNameRange     '2.0.0-alpha.18',
43 silly addNameRange     '1.7.8-beta.0',
43 silly addNameRange     '1.7.8-beta.1',
43 silly addNameRange     '1.7.8-beta.2',
43 silly addNameRange     '1.7.8-beta.3',
43 silly addNameRange     '1.7.8',
43 silly addNameRange     '2.0.0-alpha.19',
43 silly addNameRange     '2.0.0-alpha.20',
43 silly addNameRange     '2.0.0-alpha.21',
43 silly addNameRange     '2.0.0-alpha.22',
43 silly addNameRange     '2.0.0-alpha.23',
43 silly addNameRange     '1.7.9',
43 silly addNameRange     '1.7.10',
43 silly addNameRange     '2.0.0-alpha.24',
43 silly addNameRange     '2.0.0-alpha.25',
43 silly addNameRange     '2.0.0-beta.1',
43 silly addNameRange     '1.7.11',
43 silly addNameRange     '2.0.0-beta.2',
43 silly addNameRange     '2.0.0-beta.3',
43 silly addNameRange     '2.0.0-beta.4',
43 silly addNameRange     '2.0.0-beta.5',
43 silly addNameRange     '2.0.0-beta.6',
43 silly addNameRange     '2.0.0-beta.7',
43 silly addNameRange     '2.0.0-beta.8',
43 silly addNameRange     '2.0.0-beta.9',
43 silly addNameRange     '2.0.0-beta.10',
43 silly addNameRange     '2.0.0-beta.11',
43 silly addNameRange     '1.7.12',
43 silly addNameRange     '2.0.0-beta.12',
43 silly addNameRange     '2.0.0-beta.13',
43 silly addNameRange     '2.0.0-beta.14',
43 silly addNameRange     '2.0.0-beta.15',
43 silly addNameRange     '2.0.0-beta.16',
43 silly addNameRange     '2.0.0-beta.17',
43 silly addNameRange     '1.7.13',
43 silly addNameRange     '1.7.14',
43 silly addNameRange     '2.0.0-beta.18',
43 silly addNameRange     '2.0.0-beta.19',
43 silly addNameRange     '2.0.0-beta.20',
43 silly addNameRange     '2.0.0-beta.21',
43 silly addNameRange     '2.0.0-beta.22',
43 silly addNameRange     '2.0.0-beta.23',
43 silly addNameRange     '2.0.0-beta.24',
43 silly addNameRange     '2.0.0-beta.25',
43 silly addNameRange     '1.7.15-beta.0',
43 silly addNameRange     '1.7.15-beta.1',
43 silly addNameRange     '1.7.15-beta.2',
43 silly addNameRange     '1.7.15-beta.3',
43 silly addNameRange     '1.7.15',
43 silly addNameRange     '2.0.0-beta.26',
43 silly addNameRange     '2.0.0-beta.27',
43 silly addNameRange     '2.0.0-beta.28',
43 silly addNameRange     '2.0.0-beta.29',
43 silly addNameRange     '2.0.0-beta.30',
43 silly addNameRange     '2.0.0-beta.31',
43 silly addNameRange     '1.7.16',
43 silly addNameRange     '2.0.0-beta.32',
43 silly addNameRange     '2.0.0-beta.33',
43 silly addNameRange     '2.0.0-beta.34',
43 silly addNameRange     '2.0.0-beta.35',
43 silly addNameRange     '2.0.0-beta.36',
43 silly addNameRange     '2.0.0-beta.37',
43 silly addNameRange     '2.0.0',
43 silly addNameRange     '2.1.0-beta.0',
43 silly addNameRange     '2.1.0-beta.1',
43 silly addNameRange     '2.1.0-beta.2',
43 silly addNameRange     '2.1.0-beta.3',
43 silly addNameRange     '2.1.0',
43 silly addNameRange     '2.1.1',
43 silly addNameRange     '2.1.2',
43 silly addNameRange     '2.1.3',
43 silly addNameRange     '2.1.4',
43 silly addNameRange     '2.1.5',
43 silly addNameRange     '2.1.6',
43 silly addNameRange     '2.1.7',
43 silly addNameRange     '2.1.8',
43 silly addNameRange     '2.1.9',
43 silly addNameRange     '2.1.10',
43 silly addNameRange     '2.1.11',
43 silly addNameRange     '2.1.12',
43 silly addNameRange     '2.1.13',
43 silly addNameRange     '2.1.14',
43 silly addNameRange     '2.1.15',
43 silly addNameRange     '2.1.16',
43 silly addNameRange     '2.1.17',
43 silly addNameRange     '2.1.17-201612131445',
43 silly addNameRange     '2.1.17-201612131736',
43 silly addNameRange     '2.1.17-201612131919',
43 silly addNameRange     '2.1.17-201612191658',
43 silly addNameRange     '2.1.17-201612201942',
43 silly addNameRange     '2.1.17-201612202039',
43 silly addNameRange     '2.1.17-201612220455',
43 silly addNameRange     '2.1.18',
43 silly addNameRange     '2.1.18-201701110338',
43 silly addNameRange     '2.2.0',
43 silly addNameRange     '2.2.1',
43 silly addNameRange     '3.0.0-alpha.12e4141f',
43 silly addNameRange     '3.0.0-alpha.b0ea99a9',
43 silly addNameRange     '3.0.0-alpha.76eb8ad1',
43 silly addNameRange     '3.0.0-alpha.1b3573c8',
43 silly addNameRange     '3.0.0-alpha.63f24da1',
43 silly addNameRange     '3.0.0-alpha.11ae7639',
43 silly addNameRange     '3.0.0-alpha.8875ac08',
43 silly addNameRange     '3.0.0-alpha.c90de7f8',
43 silly addNameRange     '3.0.0-alpha.ddfcd38a',
43 silly addNameRange     '3.0.0-alpha.6a2e9ddb',
43 silly addNameRange     '3.0.0-alpha.139ef8a6',
43 silly addNameRange     '3.0.0-alpha.22dc0bf8',
43 silly addNameRange     '3.0.0-alpha.100',
43 silly addNameRange     '3.0.0-alpha.101',
43 silly addNameRange     '3.0.0-alpha.102',
43 silly addNameRange     '3.0.0-alpha.103',
43 silly addNameRange     '3.0.0-alpha.104',
43 silly addNameRange     '3.0.0-alpha.105',
43 silly addNameRange     '3.0.0-alpha.106',
43 silly addNameRange     '3.0.0-alpha.107',
43 silly addNameRange     '3.0.0-beta.1',
43 silly addNameRange     '3.0.0-beta.2',
43 silly addNameRange     '3.0.0-beta.3',
43 silly addNameRange     '3.0.0-beta.4',
43 silly addNameRange     '3.0.0-beta.5',
43 silly addNameRange     '2.2.2' ] ]
44 verbose addNamed [ 'ionic', '2.2.2' ]
45 verbose addNamed [ '2.2.2', '2.2.2' ]
46 silly lockFile 5d1e4192-ionic-2-2-2 ionic@2.2.2
47 verbose lock ionic@2.2.2 /home/gabriel/.npm/5d1e4192-ionic-2-2-2.lock
48 silly lockFile 62c400ed--npmjs-org-ionic-ionic-2-2-2-tgz https://registry.npmjs.org/ionic/-/ionic-2.2.2.tgz
49 verbose lock https://registry.npmjs.org/ionic/-/ionic-2.2.2.tgz /home/gabriel/.npm/62c400ed--npmjs-org-ionic-ionic-2-2-2-tgz.lock
50 verbose addRemoteTarball [ 'https://registry.npmjs.org/ionic/-/ionic-2.2.2.tgz',
50 verbose addRemoteTarball   '3890117c43f2cf6719a3b9063c928420d1762f41' ]
51 silly lockFile 62c400ed--npmjs-org-ionic-ionic-2-2-2-tgz https://registry.npmjs.org/ionic/-/ionic-2.2.2.tgz
52 silly lockFile 62c400ed--npmjs-org-ionic-ionic-2-2-2-tgz https://registry.npmjs.org/ionic/-/ionic-2.2.2.tgz
53 silly lockFile 5d1e4192-ionic-2-2-2 ionic@2.2.2
54 silly lockFile 5d1e4192-ionic-2-2-2 ionic@2.2.2
55 silly lockFile 966fc04a-ionic ionic@
56 silly lockFile 966fc04a-ionic ionic@
57 error Error: EACCES, mkdir '/home/gabriel/tmp/npm-8937-uBPanii9'
57 error  { [Error: EACCES, mkdir '/home/gabriel/tmp/npm-8937-uBPanii9']
57 error   errno: 3,
57 error   code: 'EACCES',
57 error   path: '/home/gabriel/tmp/npm-8937-uBPanii9' }
58 error Please try running this command again as root/Administrator.
59 error System Linux 3.13.0-79-generic
60 error command "/usr/bin/nodejs" "/usr/bin/npm" "install" "-g" "ionic" "cordova"
61 error cwd /var/www/Sanduicheria/laravel
62 error node -v v0.10.25
63 error npm -v 1.3.10
64 error path /home/gabriel/tmp/npm-8937-uBPanii9
65 error code EACCES
66 error errno 3
67 error stack Error: EACCES, mkdir '/home/gabriel/tmp/npm-8937-uBPanii9'
68 verbose exit [ 3, true ]
